[0.675s] Invoking command in '/home/nwarren317/ros2_ws/rcwest_inside/f24_robotics_inside_simulation/f24_robotics_inside_simulation': PYTHONPATH=/home/nwarren317/ros2_ws/rcwest_inside/f24_robotics_inside_simulation/f24_robotics_inside_simulation/build/f24_robotics_inside_simulation/prefix_override:/usr/lib/python3/dist-packages/colcon_core/task/python/colcon_distutils_commands:/home/nwarren317/ros2_ws/rcwest_inside/f24_robotics_inside_simulation/f24_robotics_inside_simulation/install/f24_robotics_inside_simulation/lib/python3.10/site-packages: /usr/bin/python3 -W ignore:setup.py install is deprecated setup.py egg_info --egg-base build/f24_robotics_inside_simulation build --build-base /home/nwarren317/ros2_ws/rcwest_inside/f24_robotics_inside_simulation/f24_robotics_inside_simulation/build/f24_robotics_inside_simulation/build install --record /home/nwarren317/ros2_ws/rcwest_inside/f24_robotics_inside_simulation/f24_robotics_inside_simulation/build/f24_robotics_inside_simulation/install.log --single-version-externally-managed install_data
[0.910s] running egg_info
[0.911s] writing build/f24_robotics_inside_simulation/f24_robotics_inside_simulation.egg-info/PKG-INFO
[0.912s] writing dependency_links to build/f24_robotics_inside_simulation/f24_robotics_inside_simulation.egg-info/dependency_links.txt
[0.912s] writing entry points to build/f24_robotics_inside_simulation/f24_robotics_inside_simulation.egg-info/entry_points.txt
[0.913s] writing requirements to build/f24_robotics_inside_simulation/f24_robotics_inside_simulation.egg-info/requires.txt
[0.913s] writing top-level names to build/f24_robotics_inside_simulation/f24_robotics_inside_simulation.egg-info/top_level.txt
[0.916s] reading manifest file 'build/f24_robotics_inside_simulation/f24_robotics_inside_simulation.egg-info/SOURCES.txt'
[0.919s] writing manifest file 'build/f24_robotics_inside_simulation/f24_robotics_inside_simulation.egg-info/SOURCES.txt'
[0.920s] running build
[0.920s] running build_py
[0.920s] running install
[0.920s] running install_lib
[0.923s] running install_data
[0.923s] copying package.xml -> /home/nwarren317/ros2_ws/rcwest_inside/f24_robotics_inside_simulation/f24_robotics_inside_simulation/install/f24_robotics_inside_simulation/share/f24_robotics_inside_simulation
[0.923s] running install_egg_info
[0.926s] removing '/home/nwarren317/ros2_ws/rcwest_inside/f24_robotics_inside_simulation/f24_robotics_inside_simulation/install/f24_robotics_inside_simulation/lib/python3.10/site-packages/f24_robotics_inside_simulation-0.0.0-py3.10.egg-info' (and everything under it)
[0.926s] Copying build/f24_robotics_inside_simulation/f24_robotics_inside_simulation.egg-info to /home/nwarren317/ros2_ws/rcwest_inside/f24_robotics_inside_simulation/f24_robotics_inside_simulation/install/f24_robotics_inside_simulation/lib/python3.10/site-packages/f24_robotics_inside_simulation-0.0.0-py3.10.egg-info
[0.928s] running install_scripts
[0.959s] writing list of installed files to '/home/nwarren317/ros2_ws/rcwest_inside/f24_robotics_inside_simulation/f24_robotics_inside_simulation/build/f24_robotics_inside_simulation/install.log'
[0.991s] Invoked command in '/home/nwarren317/ros2_ws/rcwest_inside/f24_robotics_inside_simulation/f24_robotics_inside_simulation' returned '0': PYTHONPATH=/home/nwarren317/ros2_ws/rcwest_inside/f24_robotics_inside_simulation/f24_robotics_inside_simulation/build/f24_robotics_inside_simulation/prefix_override:/usr/lib/python3/dist-packages/colcon_core/task/python/colcon_distutils_commands:/home/nwarren317/ros2_ws/rcwest_inside/f24_robotics_inside_simulation/f24_robotics_inside_simulation/install/f24_robotics_inside_simulation/lib/python3.10/site-packages: /usr/bin/python3 -W ignore:setup.py install is deprecated setup.py egg_info --egg-base build/f24_robotics_inside_simulation build --build-base /home/nwarren317/ros2_ws/rcwest_inside/f24_robotics_inside_simulation/f24_robotics_inside_simulation/build/f24_robotics_inside_simulation/build install --record /home/nwarren317/ros2_ws/rcwest_inside/f24_robotics_inside_simulation/f24_robotics_inside_simulation/build/f24_robotics_inside_simulation/install.log --single-version-externally-managed install_data
