running egg_info
creating build/f24_robotics_inside_simulation/f24_robotics_inside_simulation.egg-info
writing build/f24_robotics_inside_simulation/f24_robotics_inside_simulation.egg-info/PKG-INFO
writing dependency_links to build/f24_robotics_inside_simulation/f24_robotics_inside_simulation.egg-info/dependency_links.txt
writing entry points to build/f24_robotics_inside_simulation/f24_robotics_inside_simulation.egg-info/entry_points.txt
writing requirements to build/f24_robotics_inside_simulation/f24_robotics_inside_simulation.egg-info/requires.txt
writing top-level names to build/f24_robotics_inside_simulation/f24_robotics_inside_simulation.egg-info/top_level.txt
writing manifest file 'build/f24_robotics_inside_simulation/f24_robotics_inside_simulation.egg-info/SOURCES.txt'
reading manifest file 'build/f24_robotics_inside_simulation/f24_robotics_inside_simulation.egg-info/SOURCES.txt'
writing manifest file 'build/f24_robotics_inside_simulation/f24_robotics_inside_simulation.egg-info/SOURCES.txt'
running build
running build_py
creating /home/nwarren317/ros2_ws/rcwest_inside/f24_robotics_inside_simulation/f24_robotics_inside_simulation/build/f24_robotics_inside_simulation/build
creating /home/nwarren317/ros2_ws/rcwest_inside/f24_robotics_inside_simulation/f24_robotics_inside_simulation/build/f24_robotics_inside_simulation/build/lib
creating /home/nwarren317/ros2_ws/rcwest_inside/f24_robotics_inside_simulation/f24_robotics_inside_simulation/build/f24_robotics_inside_simulation/build/lib/f24_robotics_inside_simulation
copying f24_robotics_inside_simulation/__init__.py -> /home/nwarren317/ros2_ws/rcwest_inside/f24_robotics_inside_simulation/f24_robotics_inside_simulation/build/f24_robotics_inside_simulation/build/lib/f24_robotics_inside_simulation
running install
running install_lib
creating /home/nwarren317/ros2_ws/rcwest_inside/f24_robotics_inside_simulation/f24_robotics_inside_simulation/install/f24_robotics_inside_simulation/lib/python3.10/site-packages/f24_robotics_inside_simulation
copying /home/nwarren317/ros2_ws/rcwest_inside/f24_robotics_inside_simulation/f24_robotics_inside_simulation/build/f24_robotics_inside_simulation/build/lib/f24_robotics_inside_simulation/__init__.py -> /home/nwarren317/ros2_ws/rcwest_inside/f24_robotics_inside_simulation/f24_robotics_inside_simulation/install/f24_robotics_inside_simulation/lib/python3.10/site-packages/f24_robotics_inside_simulation
byte-compiling /home/nwarren317/ros2_ws/rcwest_inside/f24_robotics_inside_simulation/f24_robotics_inside_simulation/install/f24_robotics_inside_simulation/lib/python3.10/site-packages/f24_robotics_inside_simulation/__init__.py to __init__.cpython-310.pyc
running install_data
creating /home/nwarren317/ros2_ws/rcwest_inside/f24_robotics_inside_simulation/f24_robotics_inside_simulation/install/f24_robotics_inside_simulation/share/ament_index
creating /home/nwarren317/ros2_ws/rcwest_inside/f24_robotics_inside_simulation/f24_robotics_inside_simulation/install/f24_robotics_inside_simulation/share/ament_index/resource_index
creating /home/nwarren317/ros2_ws/rcwest_inside/f24_robotics_inside_simulation/f24_robotics_inside_simulation/install/f24_robotics_inside_simulation/share/ament_index/resource_index/packages
copying resource/f24_robotics_inside_simulation -> /home/nwarren317/ros2_ws/rcwest_inside/f24_robotics_inside_simulation/f24_robotics_inside_simulation/install/f24_robotics_inside_simulation/share/ament_index/resource_index/packages
copying package.xml -> /home/nwarren317/ros2_ws/rcwest_inside/f24_robotics_inside_simulation/f24_robotics_inside_simulation/install/f24_robotics_inside_simulation/share/f24_robotics_inside_simulation
running install_egg_info
Copying build/f24_robotics_inside_simulation/f24_robotics_inside_simulation.egg-info to /home/nwarren317/ros2_ws/rcwest_inside/f24_robotics_inside_simulation/f24_robotics_inside_simulation/install/f24_robotics_inside_simulation/lib/python3.10/site-packages/f24_robotics_inside_simulation-0.0.0-py3.10.egg-info
running install_scripts
writing list of installed files to '/home/nwarren317/ros2_ws/rcwest_inside/f24_robotics_inside_simulation/f24_robotics_inside_simulation/build/f24_robotics_inside_simulation/install.log'
