[0.660s] Invoking command in '/home/nwarren317/ros2_ws/rcwest_inside/f24_robotics_inside_simulation/f24_robotics_inside_simulation/src': PYTHONPATH=/home/nwarren317/ros2_ws/rcwest_inside/f24_robotics_inside_simulation/f24_robotics_inside_simulation/build/f24_robotics_inside_simulation/prefix_override:/usr/lib/python3/dist-packages/colcon_core/task/python/colcon_distutils_commands:/home/nwarren317/ros2_ws/rcwest_inside/f24_robotics_inside_simulation/f24_robotics_inside_simulation/install/f24_robotics_inside_simulation/lib/python3.10/site-packages: /usr/bin/python3 -W ignore:setup.py install is deprecated setup.py egg_info --egg-base ../build/f24_robotics_inside_simulation build --build-base /home/nwarren317/ros2_ws/rcwest_inside/f24_robotics_inside_simulation/f24_robotics_inside_simulation/build/f24_robotics_inside_simulation/build install --record /home/nwarren317/ros2_ws/rcwest_inside/f24_robotics_inside_simulation/f24_robotics_inside_simulation/build/f24_robotics_inside_simulation/install.log --single-version-externally-managed install_data
[0.889s] running egg_info
[0.889s] writing ../build/f24_robotics_inside_simulation/f24_robotics_inside_simulation.egg-info/PKG-INFO
[0.890s] writing dependency_links to ../build/f24_robotics_inside_simulation/f24_robotics_inside_simulation.egg-info/dependency_links.txt
[0.890s] writing entry points to ../build/f24_robotics_inside_simulation/f24_robotics_inside_simulation.egg-info/entry_points.txt
[0.890s] writing requirements to ../build/f24_robotics_inside_simulation/f24_robotics_inside_simulation.egg-info/requires.txt
[0.891s] writing top-level names to ../build/f24_robotics_inside_simulation/f24_robotics_inside_simulation.egg-info/top_level.txt
[0.892s] reading manifest file '../build/f24_robotics_inside_simulation/f24_robotics_inside_simulation.egg-info/SOURCES.txt'
[0.896s] writing manifest file '../build/f24_robotics_inside_simulation/f24_robotics_inside_simulation.egg-info/SOURCES.txt'
[0.896s] running build
[0.896s] running build_py
[0.896s] running install
[0.897s] running install_lib
[0.897s] running install_data
[0.899s] running install_egg_info
[0.901s] removing '/home/nwarren317/ros2_ws/rcwest_inside/f24_robotics_inside_simulation/f24_robotics_inside_simulation/install/f24_robotics_inside_simulation/lib/python3.10/site-packages/f24_robotics_inside_simulation-0.0.0-py3.10.egg-info' (and everything under it)
[0.901s] Copying ../build/f24_robotics_inside_simulation/f24_robotics_inside_simulation.egg-info to /home/nwarren317/ros2_ws/rcwest_inside/f24_robotics_inside_simulation/f24_robotics_inside_simulation/install/f24_robotics_inside_simulation/lib/python3.10/site-packages/f24_robotics_inside_simulation-0.0.0-py3.10.egg-info
[0.903s] running install_scripts
[0.930s] writing list of installed files to '/home/nwarren317/ros2_ws/rcwest_inside/f24_robotics_inside_simulation/f24_robotics_inside_simulation/build/f24_robotics_inside_simulation/install.log'
[0.965s] Invoked command in '/home/nwarren317/ros2_ws/rcwest_inside/f24_robotics_inside_simulation/f24_robotics_inside_simulation/src' returned '0': PYTHONPATH=/home/nwarren317/ros2_ws/rcwest_inside/f24_robotics_inside_simulation/f24_robotics_inside_simulation/build/f24_robotics_inside_simulation/prefix_override:/usr/lib/python3/dist-packages/colcon_core/task/python/colcon_distutils_commands:/home/nwarren317/ros2_ws/rcwest_inside/f24_robotics_inside_simulation/f24_robotics_inside_simulation/install/f24_robotics_inside_simulation/lib/python3.10/site-packages: /usr/bin/python3 -W ignore:setup.py install is deprecated setup.py egg_info --egg-base ../build/f24_robotics_inside_simulation build --build-base /home/nwarren317/ros2_ws/rcwest_inside/f24_robotics_inside_simulation/f24_robotics_inside_simulation/build/f24_robotics_inside_simulation/build install --record /home/nwarren317/ros2_ws/rcwest_inside/f24_robotics_inside_simulation/f24_robotics_inside_simulation/build/f24_robotics_inside_simulation/install.log --single-version-externally-managed install_data
