[0.690s] Invoking command in '/home/nwarren317/ros2_ws/rcwest_inside/f24_robotics_inside_simulation/f24_robotics_inside_simulation': PYTHONPATH=/home/nwarren317/ros2_ws/rcwest_inside/f24_robotics_inside_simulation/f24_robotics_inside_simulation/build/f24_robotics_inside_simulation/prefix_override:/usr/lib/python3/dist-packages/colcon_core/task/python/colcon_distutils_commands:/home/nwarren317/ros2_ws/rcwest_inside/f24_robotics_inside_simulation/f24_robotics_inside_simulation/install/f24_robotics_inside_simulation/lib/python3.10/site-packages: /usr/bin/python3 -W ignore:setup.py install is deprecated setup.py egg_info --egg-base build/f24_robotics_inside_simulation build --build-base /home/nwarren317/ros2_ws/rcwest_inside/f24_robotics_inside_simulation/f24_robotics_inside_simulation/build/f24_robotics_inside_simulation/build install --record /home/nwarren317/ros2_ws/rcwest_inside/f24_robotics_inside_simulation/f24_robotics_inside_simulation/build/f24_robotics_inside_simulation/install.log --single-version-externally-managed install_data
[0.973s] running egg_info
[0.973s] creating build/f24_robotics_inside_simulation/f24_robotics_inside_simulation.egg-info
[0.974s] writing build/f24_robotics_inside_simulation/f24_robotics_inside_simulation.egg-info/PKG-INFO
[0.974s] writing dependency_links to build/f24_robotics_inside_simulation/f24_robotics_inside_simulation.egg-info/dependency_links.txt
[0.974s] writing entry points to build/f24_robotics_inside_simulation/f24_robotics_inside_simulation.egg-info/entry_points.txt
[0.974s] writing requirements to build/f24_robotics_inside_simulation/f24_robotics_inside_simulation.egg-info/requires.txt
[0.975s] writing top-level names to build/f24_robotics_inside_simulation/f24_robotics_inside_simulation.egg-info/top_level.txt
[0.975s] writing manifest file 'build/f24_robotics_inside_simulation/f24_robotics_inside_simulation.egg-info/SOURCES.txt'
[0.978s] reading manifest file 'build/f24_robotics_inside_simulation/f24_robotics_inside_simulation.egg-info/SOURCES.txt'
[0.980s] writing manifest file 'build/f24_robotics_inside_simulation/f24_robotics_inside_simulation.egg-info/SOURCES.txt'
[0.980s] running build
[0.981s] running build_py
[0.981s] creating /home/nwarren317/ros2_ws/rcwest_inside/f24_robotics_inside_simulation/f24_robotics_inside_simulation/build/f24_robotics_inside_simulation/build
[0.981s] creating /home/nwarren317/ros2_ws/rcwest_inside/f24_robotics_inside_simulation/f24_robotics_inside_simulation/build/f24_robotics_inside_simulation/build/lib
[0.981s] creating /home/nwarren317/ros2_ws/rcwest_inside/f24_robotics_inside_simulation/f24_robotics_inside_simulation/build/f24_robotics_inside_simulation/build/lib/f24_robotics_inside_simulation
[0.982s] copying f24_robotics_inside_simulation/__init__.py -> /home/nwarren317/ros2_ws/rcwest_inside/f24_robotics_inside_simulation/f24_robotics_inside_simulation/build/f24_robotics_inside_simulation/build/lib/f24_robotics_inside_simulation
[0.982s] running install
[0.982s] running install_lib
[0.983s] creating /home/nwarren317/ros2_ws/rcwest_inside/f24_robotics_inside_simulation/f24_robotics_inside_simulation/install/f24_robotics_inside_simulation/lib/python3.10/site-packages/f24_robotics_inside_simulation
[0.984s] copying /home/nwarren317/ros2_ws/rcwest_inside/f24_robotics_inside_simulation/f24_robotics_inside_simulation/build/f24_robotics_inside_simulation/build/lib/f24_robotics_inside_simulation/__init__.py -> /home/nwarren317/ros2_ws/rcwest_inside/f24_robotics_inside_simulation/f24_robotics_inside_simulation/install/f24_robotics_inside_simulation/lib/python3.10/site-packages/f24_robotics_inside_simulation
[0.987s] byte-compiling /home/nwarren317/ros2_ws/rcwest_inside/f24_robotics_inside_simulation/f24_robotics_inside_simulation/install/f24_robotics_inside_simulation/lib/python3.10/site-packages/f24_robotics_inside_simulation/__init__.py to __init__.cpython-310.pyc
[0.988s] running install_data
[0.988s] creating /home/nwarren317/ros2_ws/rcwest_inside/f24_robotics_inside_simulation/f24_robotics_inside_simulation/install/f24_robotics_inside_simulation/share/ament_index
[0.989s] creating /home/nwarren317/ros2_ws/rcwest_inside/f24_robotics_inside_simulation/f24_robotics_inside_simulation/install/f24_robotics_inside_simulation/share/ament_index/resource_index
[0.989s] creating /home/nwarren317/ros2_ws/rcwest_inside/f24_robotics_inside_simulation/f24_robotics_inside_simulation/install/f24_robotics_inside_simulation/share/ament_index/resource_index/packages
[0.989s] copying resource/f24_robotics_inside_simulation -> /home/nwarren317/ros2_ws/rcwest_inside/f24_robotics_inside_simulation/f24_robotics_inside_simulation/install/f24_robotics_inside_simulation/share/ament_index/resource_index/packages
[0.990s] creating /home/nwarren317/ros2_ws/rcwest_inside/f24_robotics_inside_simulation/f24_robotics_inside_simulation/install/f24_robotics_inside_simulation/share/f24_robotics_inside_simulation/launch
[0.990s] copying launch/launch.py -> /home/nwarren317/ros2_ws/rcwest_inside/f24_robotics_inside_simulation/f24_robotics_inside_simulation/install/f24_robotics_inside_simulation/share/f24_robotics_inside_simulation/launch
[0.990s] creating /home/nwarren317/ros2_ws/rcwest_inside/f24_robotics_inside_simulation/f24_robotics_inside_simulation/install/f24_robotics_inside_simulation/share/f24_robotics_inside_simulation/worlds
[0.990s] copying worlds/rc_west_half.wbt -> /home/nwarren317/ros2_ws/rcwest_inside/f24_robotics_inside_simulation/f24_robotics_inside_simulation/install/f24_robotics_inside_simulation/share/f24_robotics_inside_simulation/worlds
[0.991s] copying package.xml -> /home/nwarren317/ros2_ws/rcwest_inside/f24_robotics_inside_simulation/f24_robotics_inside_simulation/install/f24_robotics_inside_simulation/share/f24_robotics_inside_simulation
[0.991s] running install_egg_info
[0.994s] Copying build/f24_robotics_inside_simulation/f24_robotics_inside_simulation.egg-info to /home/nwarren317/ros2_ws/rcwest_inside/f24_robotics_inside_simulation/f24_robotics_inside_simulation/install/f24_robotics_inside_simulation/lib/python3.10/site-packages/f24_robotics_inside_simulation-0.0.0-py3.10.egg-info
[0.995s] running install_scripts
[1.023s] writing list of installed files to '/home/nwarren317/ros2_ws/rcwest_inside/f24_robotics_inside_simulation/f24_robotics_inside_simulation/build/f24_robotics_inside_simulation/install.log'
[1.058s] Invoked command in '/home/nwarren317/ros2_ws/rcwest_inside/f24_robotics_inside_simulation/f24_robotics_inside_simulation' returned '0': PYTHONPATH=/home/nwarren317/ros2_ws/rcwest_inside/f24_robotics_inside_simulation/f24_robotics_inside_simulation/build/f24_robotics_inside_simulation/prefix_override:/usr/lib/python3/dist-packages/colcon_core/task/python/colcon_distutils_commands:/home/nwarren317/ros2_ws/rcwest_inside/f24_robotics_inside_simulation/f24_robotics_inside_simulation/install/f24_robotics_inside_simulation/lib/python3.10/site-packages: /usr/bin/python3 -W ignore:setup.py install is deprecated setup.py egg_info --egg-base build/f24_robotics_inside_simulation build --build-base /home/nwarren317/ros2_ws/rcwest_inside/f24_robotics_inside_simulation/f24_robotics_inside_simulation/build/f24_robotics_inside_simulation/build install --record /home/nwarren317/ros2_ws/rcwest_inside/f24_robotics_inside_simulation/f24_robotics_inside_simulation/build/f24_robotics_inside_simulation/install.log --single-version-externally-managed install_data
