[0.691s] Invoking command in '/home/nwarren317/ros2_ws/rcwest_inside/f24_robotics_inside_simulation/f24_robotics_inside_simulation/src': PYTHONPATH=/home/nwarren317/ros2_ws/rcwest_inside/f24_robotics_inside_simulation/f24_robotics_inside_simulation/build/f24_robotics_inside_simulation/prefix_override:/usr/lib/python3/dist-packages/colcon_core/task/python/colcon_distutils_commands:/home/nwarren317/ros2_ws/rcwest_inside/f24_robotics_inside_simulation/f24_robotics_inside_simulation/install/f24_robotics_inside_simulation/lib/python3.10/site-packages: /usr/bin/python3 -W ignore:setup.py install is deprecated setup.py egg_info --egg-base ../build/f24_robotics_inside_simulation build --build-base /home/nwarren317/ros2_ws/rcwest_inside/f24_robotics_inside_simulation/f24_robotics_inside_simulation/build/f24_robotics_inside_simulation/build install --record /home/nwarren317/ros2_ws/rcwest_inside/f24_robotics_inside_simulation/f24_robotics_inside_simulation/build/f24_robotics_inside_simulation/install.log --single-version-externally-managed install_data
[0.923s] running egg_info
[0.924s] writing ../build/f24_robotics_inside_simulation/f24_robotics_inside_simulation.egg-info/PKG-INFO
[0.924s] writing dependency_links to ../build/f24_robotics_inside_simulation/f24_robotics_inside_simulation.egg-info/dependency_links.txt
[0.925s] writing entry points to ../build/f24_robotics_inside_simulation/f24_robotics_inside_simulation.egg-info/entry_points.txt
[0.925s] writing requirements to ../build/f24_robotics_inside_simulation/f24_robotics_inside_simulation.egg-info/requires.txt
[0.926s] writing top-level names to ../build/f24_robotics_inside_simulation/f24_robotics_inside_simulation.egg-info/top_level.txt
[0.927s] reading manifest file '../build/f24_robotics_inside_simulation/f24_robotics_inside_simulation.egg-info/SOURCES.txt'
[0.931s] writing manifest file '../build/f24_robotics_inside_simulation/f24_robotics_inside_simulation.egg-info/SOURCES.txt'
[0.932s] running build
[0.932s] running build_py
[0.932s] running install
[0.933s] running install_lib
[0.934s] running install_data
[0.934s] running install_egg_info
[0.938s] removing '/home/nwarren317/ros2_ws/rcwest_inside/f24_robotics_inside_simulation/f24_robotics_inside_simulation/install/f24_robotics_inside_simulation/lib/python3.10/site-packages/f24_robotics_inside_simulation-0.0.0-py3.10.egg-info' (and everything under it)
[0.938s] Copying ../build/f24_robotics_inside_simulation/f24_robotics_inside_simulation.egg-info to /home/nwarren317/ros2_ws/rcwest_inside/f24_robotics_inside_simulation/f24_robotics_inside_simulation/install/f24_robotics_inside_simulation/lib/python3.10/site-packages/f24_robotics_inside_simulation-0.0.0-py3.10.egg-info
[0.940s] running install_scripts
[0.966s] writing list of installed files to '/home/nwarren317/ros2_ws/rcwest_inside/f24_robotics_inside_simulation/f24_robotics_inside_simulation/build/f24_robotics_inside_simulation/install.log'
[0.997s] Invoked command in '/home/nwarren317/ros2_ws/rcwest_inside/f24_robotics_inside_simulation/f24_robotics_inside_simulation/src' returned '0': PYTHONPATH=/home/nwarren317/ros2_ws/rcwest_inside/f24_robotics_inside_simulation/f24_robotics_inside_simulation/build/f24_robotics_inside_simulation/prefix_override:/usr/lib/python3/dist-packages/colcon_core/task/python/colcon_distutils_commands:/home/nwarren317/ros2_ws/rcwest_inside/f24_robotics_inside_simulation/f24_robotics_inside_simulation/install/f24_robotics_inside_simulation/lib/python3.10/site-packages: /usr/bin/python3 -W ignore:setup.py install is deprecated setup.py egg_info --egg-base ../build/f24_robotics_inside_simulation build --build-base /home/nwarren317/ros2_ws/rcwest_inside/f24_robotics_inside_simulation/f24_robotics_inside_simulation/build/f24_robotics_inside_simulation/build install --record /home/nwarren317/ros2_ws/rcwest_inside/f24_robotics_inside_simulation/f24_robotics_inside_simulation/build/f24_robotics_inside_simulation/install.log --single-version-externally-managed install_data
